mode: set
keld/business/users/usecase.go:16.96,22.2 1 1
keld/business/users/usecase.go:24.87,25.24 1 1
keld/business/users/usecase.go:28.2,28.27 1 1
keld/business/users/usecase.go:31.2,32.16 2 1
keld/business/users/usecase.go:38.2,38.18 1 1
keld/business/users/usecase.go:25.24,27.3 1 1
keld/business/users/usecase.go:28.27,30.3 1 1
keld/business/users/usecase.go:32.16,34.3 1 1
keld/business/users/usecase.go:41.80,43.2 1 0
keld/business/users/usecase.go:46.29,48.13 2 0
keld/business/users/usecase.go:51.2,51.12 1 0
keld/business/users/usecase.go:48.13,50.3 1 0
